Analysis & Synthesis report for Run_Watch
Sat Nov 26 09:40:08 2022
Quartus II 64-Bit Version 13.0.0 Build 156 04/24/2013 SJ Full Version


---------------------
; Table of Contents ;
---------------------
  1. Legal Notice
  2. Analysis & Synthesis Summary
  3. Analysis & Synthesis Settings
  4. Parallel Compilation
  5. Analysis & Synthesis Source Files Read
  6. Analysis & Synthesis Resource Usage Summary
  7. Analysis & Synthesis Resource Utilization by Entity
  8. User-Specified and Inferred Latches
  9. Registers Removed During Synthesis
 10. General Register Statistics
 11. Multiplexer Restructuring Statistics (Restructuring Performed)
 12. Port Connectivity Checks: "Count_10:U9"
 13. Elapsed Time Per Partition
 14. Analysis & Synthesis Messages



----------------
; Legal Notice ;
----------------
Copyright (C) 1991-2013 Altera Corporation
Your use of Altera Corporation's design tools, logic functions 
and other software and tools, and its AMPP partner logic 
functions, and any output files from any of the foregoing 
(including device programming or simulation files), and any 
associated documentation or information are expressly subject 
to the terms and conditions of the Altera Program License 
Subscription Agreement, Altera MegaCore Function License 
Agreement, or other applicable license agreement, including, 
without limitation, that your use is for the sole purpose of 
programming logic devices manufactured by Altera and sold by 
Altera or its authorized distributors.  Please refer to the 
applicable agreement for further details.



+----------------------------------------------------------------------------------+
; Analysis & Synthesis Summary                                                     ;
+------------------------------------+---------------------------------------------+
; Analysis & Synthesis Status        ; Successful - Sat Nov 26 09:40:08 2022       ;
; Quartus II 64-Bit Version          ; 13.0.0 Build 156 04/24/2013 SJ Full Version ;
; Revision Name                      ; Run_Watch                                   ;
; Top-level Entity Name              ; Run_Watch                                   ;
; Family                             ; Cyclone II                                  ;
; Total logic elements               ; 178                                         ;
;     Total combinational functions  ; 178                                         ;
;     Dedicated logic registers      ; 107                                         ;
; Total registers                    ; 107                                         ;
; Total pins                         ; 19                                          ;
; Total virtual pins                 ; 0                                           ;
; Total memory bits                  ; 0                                           ;
; Embedded Multiplier 9-bit elements ; 0                                           ;
; Total PLLs                         ; 0                                           ;
+------------------------------------+---------------------------------------------+


+----------------------------------------------------------------------------------------------------------------------+
; Analysis & Synthesis Settings                                                                                        ;
+----------------------------------------------------------------------------+--------------------+--------------------+
; Option                                                                     ; Setting            ; Default Value      ;
+----------------------------------------------------------------------------+--------------------+--------------------+
; Device                                                                     ; EP2C8Q208C8        ;                    ;
; Top-level entity name                                                      ; Run_Watch          ; Run_Watch          ;
; Family name                                                                ; Cyclone II         ; Cyclone IV GX      ;
; Use smart compilation                                                      ; Off                ; Off                ;
; Enable parallel Assembler and TimeQuest Timing Analyzer during compilation ; On                 ; On                 ;
; Enable compact report table                                                ; Off                ; Off                ;
; Restructure Multiplexers                                                   ; Auto               ; Auto               ;
; Create Debugging Nodes for IP Cores                                        ; Off                ; Off                ;
; Preserve fewer node names                                                  ; On                 ; On                 ;
; Disable OpenCore Plus hardware evaluation                                  ; Off                ; Off                ;
; Verilog Version                                                            ; Verilog_2001       ; Verilog_2001       ;
; VHDL Version                                                               ; VHDL_1993          ; VHDL_1993          ;
; State Machine Processing                                                   ; Auto               ; Auto               ;
; Safe State Machine                                                         ; Off                ; Off                ;
; Extract Verilog State Machines                                             ; On                 ; On                 ;
; Extract VHDL State Machines                                                ; On                 ; On                 ;
; Ignore Verilog initial constructs                                          ; Off                ; Off                ;
; Iteration limit for constant Verilog loops                                 ; 5000               ; 5000               ;
; Iteration limit for non-constant Verilog loops                             ; 250                ; 250                ;
; Add Pass-Through Logic to Inferred RAMs                                    ; On                 ; On                 ;
; Infer RAMs from Raw Logic                                                  ; On                 ; On                 ;
; Parallel Synthesis                                                         ; On                 ; On                 ;
; DSP Block Balancing                                                        ; Auto               ; Auto               ;
; NOT Gate Push-Back                                                         ; On                 ; On                 ;
; Power-Up Don't Care                                                        ; On                 ; On                 ;
; Remove Redundant Logic Cells                                               ; Off                ; Off                ;
; Remove Duplicate Registers                                                 ; On                 ; On                 ;
; Ignore CARRY Buffers                                                       ; Off                ; Off                ;
; Ignore CASCADE Buffers                                                     ; Off                ; Off                ;
; Ignore GLOBAL Buffers                                                      ; Off                ; Off                ;
; Ignore ROW GLOBAL Buffers                                                  ; Off                ; Off                ;
; Ignore LCELL Buffers                                                       ; Off                ; Off                ;
; Ignore SOFT Buffers                                                        ; On                 ; On                 ;
; Limit AHDL Integers to 32 Bits                                             ; Off                ; Off                ;
; Optimization Technique                                                     ; Balanced           ; Balanced           ;
; Carry Chain Length                                                         ; 70                 ; 70                 ;
; Auto Carry Chains                                                          ; On                 ; On                 ;
; Auto Open-Drain Pins                                                       ; On                 ; On                 ;
; Perform WYSIWYG Primitive Resynthesis                                      ; Off                ; Off                ;
; Auto ROM Replacement                                                       ; On                 ; On                 ;
; Auto RAM Replacement                                                       ; On                 ; On                 ;
; Auto Shift Register Replacement                                            ; Auto               ; Auto               ;
; Allow Shift Register Merging across Hierarchies                            ; Auto               ; Auto               ;
; Auto Clock Enable Replacement                                              ; On                 ; On                 ;
; Strict RAM Replacement                                                     ; Off                ; Off                ;
; Allow Synchronous Control Signals                                          ; On                 ; On                 ;
; Force Use of Synchronous Clear Signals                                     ; Off                ; Off                ;
; Auto RAM to Logic Cell Conversion                                          ; Off                ; Off                ;
; Auto Resource Sharing                                                      ; Off                ; Off                ;
; Allow Any RAM Size For Recognition                                         ; Off                ; Off                ;
; Allow Any ROM Size For Recognition                                         ; Off                ; Off                ;
; Allow Any Shift Register Size For Recognition                              ; Off                ; Off                ;
; Use LogicLock Constraints during Resource Balancing                        ; On                 ; On                 ;
; Ignore translate_off and synthesis_off directives                          ; Off                ; Off                ;
; Timing-Driven Synthesis                                                    ; Off                ; Off                ;
; Report Parameter Settings                                                  ; On                 ; On                 ;
; Report Source Assignments                                                  ; On                 ; On                 ;
; Report Connectivity Checks                                                 ; On                 ; On                 ;
; Ignore Maximum Fan-Out Assignments                                         ; Off                ; Off                ;
; Synchronization Register Chain Length                                      ; 2                  ; 2                  ;
; PowerPlay Power Optimization                                               ; Normal compilation ; Normal compilation ;
; HDL message level                                                          ; Level2             ; Level2             ;
; Suppress Register Optimization Related Messages                            ; Off                ; Off                ;
; Number of Removed Registers Reported in Synthesis Report                   ; 5000               ; 5000               ;
; Number of Swept Nodes Reported in Synthesis Report                         ; 5000               ; 5000               ;
; Number of Inverted Registers Reported in Synthesis Report                  ; 100                ; 100                ;
; Clock MUX Protection                                                       ; On                 ; On                 ;
; Auto Gated Clock Conversion                                                ; Off                ; Off                ;
; Block Design Naming                                                        ; Auto               ; Auto               ;
; SDC constraint protection                                                  ; Off                ; Off                ;
; Synthesis Effort                                                           ; Auto               ; Auto               ;
; Shift Register Replacement - Allow Asynchronous Clear Signal               ; On                 ; On                 ;
; Pre-Mapping Resynthesis Optimization                                       ; Off                ; Off                ;
; Analysis & Synthesis Message Level                                         ; Medium             ; Medium             ;
; Disable Register Merging Across Hierarchies                                ; Auto               ; Auto               ;
; Resource Aware Inference For Block RAM                                     ; On                 ; On                 ;
; Synthesis Seed                                                             ; 1                  ; 1                  ;
+----------------------------------------------------------------------------+--------------------+--------------------+


+------------------------------------------+
; Parallel Compilation                     ;
+----------------------------+-------------+
; Processors                 ; Number      ;
+----------------------------+-------------+
; Number detected on machine ; 16          ;
; Maximum allowed            ; 8           ;
;                            ;             ;
; Average used               ; 1.00        ;
; Maximum used               ; 1           ;
;                            ;             ;
; Usage by Processor         ; % Time Used ;
;     Processor 1            ; 100.0%      ;
;     Processors 2-16        ;   0.0%      ;
+----------------------------+-------------+


+------------------------------------------------------------------------------------------------------------------------------------------------------------------------------------+
; Analysis & Synthesis Source Files Read                                                                                                                                             ;
+---------------------------------------------+-----------------+------------------------+---------------------------------------------------------------------------------+---------+
; File Name with User-Entered Path            ; Used in Netlist ; File Type              ; File Name with Absolute Path                                                    ; Library ;
+---------------------------------------------+-----------------+------------------------+---------------------------------------------------------------------------------+---------+
; ../../tools/BCD_7_SEG/rtl/BCD_7_SEG.v       ; yes             ; User Verilog HDL File  ; H:/code/digital-electronic-technology/lab/tools/BCD_7_SEG/rtl/BCD_7_SEG.v       ;         ;
; ../../tools/Selector_8_1/rtl/Selector_8_1.v ; yes             ; User Verilog HDL File  ; H:/code/digital-electronic-technology/lab/tools/Selector_8_1/rtl/Selector_8_1.v ;         ;
; ../../tools/Decoder_3_8/rtl/Decoder_3_8.v   ; yes             ; User Verilog HDL File  ; H:/code/digital-electronic-technology/lab/tools/Decoder_3_8/rtl/Decoder_3_8.v   ;         ;
; ../../tools/Count_8/rtl/Count_8.v           ; yes             ; User Verilog HDL File  ; H:/code/digital-electronic-technology/lab/tools/Count_8/rtl/Count_8.v           ;         ;
; ../../tools/Count_6/rtl/Count_6.v           ; yes             ; User Verilog HDL File  ; H:/code/digital-electronic-technology/lab/tools/Count_6/rtl/Count_6.v           ;         ;
; ../../tools/Count_10/rtl/Count_10.v         ; yes             ; User Verilog HDL File  ; H:/code/digital-electronic-technology/lab/tools/Count_10/rtl/Count_10.v         ;         ;
; ../rtl/Run_Watch.v                          ; yes             ; User Verilog HDL File  ; H:/code/digital-electronic-technology/lab/experiment_7_class/rtl/Run_Watch.v    ;         ;
; ../rtl/Divider.v                            ; yes             ; User Verilog HDL File  ; H:/code/digital-electronic-technology/lab/experiment_7_class/rtl/Divider.v      ;         ;
+---------------------------------------------+-----------------+------------------------+---------------------------------------------------------------------------------+---------+


+-----------------------------------------------------+
; Analysis & Synthesis Resource Usage Summary         ;
+---------------------------------------------+-------+
; Resource                                    ; Usage ;
+---------------------------------------------+-------+
; Estimated Total logic elements              ; 178   ;
;                                             ;       ;
; Total combinational functions               ; 178   ;
; Logic element usage by number of LUT inputs ;       ;
;     -- 4 input functions                    ; 82    ;
;     -- 3 input functions                    ; 30    ;
;     -- <=2 input functions                  ; 66    ;
;                                             ;       ;
; Logic elements by mode                      ;       ;
;     -- normal mode                          ; 117   ;
;     -- arithmetic mode                      ; 61    ;
;                                             ;       ;
; Total registers                             ; 107   ;
;     -- Dedicated logic registers            ; 107   ;
;     -- I/O registers                        ; 0     ;
;                                             ;       ;
; I/O pins                                    ; 19    ;
; Embedded Multiplier 9-bit elements          ; 0     ;
; Maximum fan-out node                        ; cp    ;
; Maximum fan-out                             ; 65    ;
; Total fan-out                               ; 846   ;
; Average fan-out                             ; 2.78  ;
+---------------------------------------------+-------+


+-------------------------------------------------------------------------------------------------------------------------------------------------------------------------------------+
; Analysis & Synthesis Resource Utilization by Entity                                                                                                                                 ;
+----------------------------+-------------------+--------------+-------------+--------------+---------+-----------+------+--------------+-----------------------------+--------------+
; Compilation Hierarchy Node ; LC Combinationals ; LC Registers ; Memory Bits ; DSP Elements ; DSP 9x9 ; DSP 18x18 ; Pins ; Virtual Pins ; Full Hierarchy Name         ; Library Name ;
+----------------------------+-------------------+--------------+-------------+--------------+---------+-----------+------+--------------+-----------------------------+--------------+
; |Run_Watch                 ; 178 (0)           ; 107 (0)      ; 0           ; 0            ; 0       ; 0         ; 19   ; 0            ; |Run_Watch                  ;              ;
;    |BCD_7_SEG:U13|         ; 7 (7)             ; 0 (0)        ; 0           ; 0            ; 0       ; 0         ; 0    ; 0            ; |Run_Watch|BCD_7_SEG:U13    ;              ;
;    |Count_10:U2|           ; 5 (5)             ; 5 (5)        ; 0           ; 0            ; 0       ; 0         ; 0    ; 0            ; |Run_Watch|Count_10:U2      ;              ;
;    |Count_10:U3|           ; 5 (5)             ; 5 (5)        ; 0           ; 0            ; 0       ; 0         ; 0    ; 0            ; |Run_Watch|Count_10:U3      ;              ;
;    |Count_10:U4|           ; 5 (5)             ; 5 (5)        ; 0           ; 0            ; 0       ; 0         ; 0    ; 0            ; |Run_Watch|Count_10:U4      ;              ;
;    |Count_10:U6|           ; 5 (5)             ; 5 (5)        ; 0           ; 0            ; 0       ; 0         ; 0    ; 0            ; |Run_Watch|Count_10:U6      ;              ;
;    |Count_10:U8|           ; 5 (5)             ; 5 (5)        ; 0           ; 0            ; 0       ; 0         ; 0    ; 0            ; |Run_Watch|Count_10:U8      ;              ;
;    |Count_10:U9|           ; 4 (4)             ; 4 (4)        ; 0           ; 0            ; 0       ; 0         ; 0    ; 0            ; |Run_Watch|Count_10:U9      ;              ;
;    |Count_6:U5|            ; 6 (6)             ; 5 (5)        ; 0           ; 0            ; 0       ; 0         ; 0    ; 0            ; |Run_Watch|Count_6:U5       ;              ;
;    |Count_6:U7|            ; 6 (6)             ; 5 (5)        ; 0           ; 0            ; 0       ; 0         ; 0    ; 0            ; |Run_Watch|Count_6:U7       ;              ;
;    |Count_8:U10|           ; 3 (3)             ; 3 (3)        ; 0           ; 0            ; 0       ; 0         ; 0    ; 0            ; |Run_Watch|Count_8:U10      ;              ;
;    |Decoder_3_8:U11|       ; 8 (8)             ; 0 (0)        ; 0           ; 0            ; 0       ; 0         ; 0    ; 0            ; |Run_Watch|Decoder_3_8:U11  ;              ;
;    |Divider:U1|            ; 99 (99)           ; 65 (65)      ; 0           ; 0            ; 0       ; 0         ; 0    ; 0            ; |Run_Watch|Divider:U1       ;              ;
;    |Selector_8_1:U12|      ; 20 (20)           ; 0 (0)        ; 0           ; 0            ; 0       ; 0         ; 0    ; 0            ; |Run_Watch|Selector_8_1:U12 ;              ;
+----------------------------+-------------------+--------------+-------------+--------------+---------+-----------+------+--------------+-----------------------------+--------------+
Note: For table entries with two numbers listed, the numbers in parentheses indicate the number of resources of the given type used by the specific entity alone. The numbers listed outside of parentheses indicate the total resources of the given type used by the specific entity and all of its sub-entities in the hierarchy.


+---------------------------------------------------------------------------------------------------+
; User-Specified and Inferred Latches                                                               ;
+----------------------------------------------------+---------------------+------------------------+
; Latch Name                                         ; Latch Enable Signal ; Free of Timing Hazards ;
+----------------------------------------------------+---------------------+------------------------+
; Decoder_3_8:U11|Pout[0]                            ; GND                 ; yes                    ;
; Number of user-specified and inferred latches = 1  ;                     ;                        ;
+----------------------------------------------------+---------------------+------------------------+
Note: All latches listed above may not be present at the end of synthesis due to various synthesis optimizations.


+--------------------------------------------------------------------------+
; Registers Removed During Synthesis                                       ;
+---------------------------------------+----------------------------------+
; Register name                         ; Reason for Removal               ;
+---------------------------------------+----------------------------------+
; Divider:U1|count1[0]                  ; Merged with Divider:U1|count2[0] ;
; Total Number of Removed Registers = 1 ;                                  ;
+---------------------------------------+----------------------------------+


+------------------------------------------------------+
; General Register Statistics                          ;
+----------------------------------------------+-------+
; Statistic                                    ; Value ;
+----------------------------------------------+-------+
; Total registers                              ; 107   ;
; Number of registers using Synchronous Clear  ; 0     ;
; Number of registers using Synchronous Load   ; 0     ;
; Number of registers using Asynchronous Clear ; 39    ;
; Number of registers using Asynchronous Load  ; 0     ;
; Number of registers using Clock Enable       ; 31    ;
; Number of registers using Preset             ; 0     ;
+----------------------------------------------+-------+


+------------------------------------------------------------------------------------------------------------------------------------------------+
; Multiplexer Restructuring Statistics (Restructuring Performed)                                                                                 ;
+--------------------+-----------+---------------+----------------------+------------------------+------------+----------------------------------+
; Multiplexer Inputs ; Bus Width ; Baseline Area ; Area if Restructured ; Saving if Restructured ; Registered ; Example Multiplexer Output       ;
+--------------------+-----------+---------------+----------------------+------------------------+------------+----------------------------------+
; 8:1                ; 4 bits    ; 20 LEs        ; 20 LEs               ; 0 LEs                  ; No         ; |Run_Watch|Selector_8_1:U12|Mux2 ;
+--------------------+-----------+---------------+----------------------+------------------------+------------+----------------------------------+


+----------------------------------------------------------------------------------------------------------------+
; Port Connectivity Checks: "Count_10:U9"                                                                        ;
+------+--------+----------+-------------------------------------------------------------------------------------+
; Port ; Type   ; Severity ; Details                                                                             ;
+------+--------+----------+-------------------------------------------------------------------------------------+
; Cy   ; Output ; Info     ; Connected to dangling logic. Logic that only feeds a dangling port will be removed. ;
+------+--------+----------+-------------------------------------------------------------------------------------+


+-------------------------------+
; Elapsed Time Per Partition    ;
+----------------+--------------+
; Partition Name ; Elapsed Time ;
+----------------+--------------+
; Top            ; 00:00:00     ;
+----------------+--------------+


+-------------------------------+
; Analysis & Synthesis Messages ;
+-------------------------------+
Info: *******************************************************************
Info: Running Quartus II 64-Bit Analysis & Synthesis
    Info: Version 13.0.0 Build 156 04/24/2013 SJ Full Version
    Info: Processing started: Sat Nov 26 09:40:07 2022
Info: Command: quartus_map --read_settings_files=on --write_settings_files=off Run_Watch -c Run_Watch
Info (11104): Parallel Compilation has detected 16 hyper-threaded processors. However, the extra hyper-threaded processors will not be used by default. Parallel Compilation will use 8 of the 8 physical processors detected instead.
Info (12021): Found 1 design units, including 1 entities, in source file /code/digital-electronic-technology/lab/tools/bcd_7_seg/rtl/bcd_7_seg.v
    Info (12023): Found entity 1: BCD_7_SEG
Info (12021): Found 1 design units, including 1 entities, in source file /code/digital-electronic-technology/lab/tools/selector_8_1/rtl/selector_8_1.v
    Info (12023): Found entity 1: Selector_8_1
Info (12021): Found 1 design units, including 1 entities, in source file /code/digital-electronic-technology/lab/tools/decoder_3_8/rtl/decoder_3_8.v
    Info (12023): Found entity 1: Decoder_3_8
Info (12021): Found 1 design units, including 1 entities, in source file /code/digital-electronic-technology/lab/tools/count_8/rtl/count_8.v
    Info (12023): Found entity 1: Count_8
Info (12021): Found 1 design units, including 1 entities, in source file /code/digital-electronic-technology/lab/tools/count_6/rtl/count_6.v
    Info (12023): Found entity 1: Count_6
Info (12021): Found 1 design units, including 1 entities, in source file /code/digital-electronic-technology/lab/tools/count_10/rtl/count_10.v
    Info (12023): Found entity 1: Count_10
Info (12021): Found 1 design units, including 1 entities, in source file /code/digital-electronic-technology/lab/experiment_7_class/rtl/run_watch.v
    Info (12023): Found entity 1: Run_Watch
Info (12021): Found 1 design units, including 1 entities, in source file /code/digital-electronic-technology/lab/experiment_7_class/rtl/divider.v
    Info (12023): Found entity 1: Divider
Warning (10227): Verilog HDL Port Declaration warning at BCD_7_SEG.v(5): data type declaration for "BCD" declares packed dimensions but the port declaration declaration does not
Info (10499): HDL info at BCD_7_SEG.v(3): see declaration for object "BCD"
Warning (10227): Verilog HDL Port Declaration warning at BCD_7_SEG.v(6): data type declaration for "SEG" declares packed dimensions but the port declaration declaration does not
Info (10499): HDL info at BCD_7_SEG.v(4): see declaration for object "SEG"
Warning (10227): Verilog HDL Port Declaration warning at Selector_8_1.v(6): data type declaration for "SEL" declares packed dimensions but the port declaration declaration does not
Info (10499): HDL info at Selector_8_1.v(3): see declaration for object "SEL"
Warning (10227): Verilog HDL Port Declaration warning at Selector_8_1.v(7): data type declaration for "N" declares packed dimensions but the port declaration declaration does not
Info (10499): HDL info at Selector_8_1.v(5): see declaration for object "N"
Warning (10227): Verilog HDL Port Declaration warning at Decoder_3_8.v(10): data type declaration for "Pout" declares packed dimensions but the port declaration declaration does not
Info (10499): HDL info at Decoder_3_8.v(8): see declaration for object "Pout"
Warning (10227): Verilog HDL Port Declaration warning at Count_8.v(10): data type declaration for "cnt" declares packed dimensions but the port declaration declaration does not
Info (10499): HDL info at Count_8.v(9): see declaration for object "cnt"
Warning (10227): Verilog HDL Port Declaration warning at Count_6.v(13): data type declaration for "Nout" declares packed dimensions but the port declaration declaration does not
Info (10499): HDL info at Count_6.v(12): see declaration for object "Nout"
Warning (10227): Verilog HDL Port Declaration warning at Count_10.v(13): data type declaration for "Nout" declares packed dimensions but the port declaration declaration does not
Info (10499): HDL info at Count_10.v(12): see declaration for object "Nout"
Info (12127): Elaborating entity "Run_Watch" for the top level hierarchy
Info (12128): Elaborating entity "Divider" for hierarchy "Divider:U1"
Info (12128): Elaborating entity "Count_10" for hierarchy "Count_10:U2"
Info (12128): Elaborating entity "Count_6" for hierarchy "Count_6:U5"
Info (12128): Elaborating entity "Count_8" for hierarchy "Count_8:U10"
Info (12128): Elaborating entity "Decoder_3_8" for hierarchy "Decoder_3_8:U11"
Warning (10240): Verilog HDL Always Construct warning at Decoder_3_8.v(12): inferring latch(es) for variable "Pout", which holds its previous value in one or more paths through the always construct
Info (10041): Inferred latch for "Pout[0]" at Decoder_3_8.v(16)
Info (10041): Inferred latch for "Pout[1]" at Decoder_3_8.v(16)
Info (10041): Inferred latch for "Pout[2]" at Decoder_3_8.v(16)
Info (10041): Inferred latch for "Pout[3]" at Decoder_3_8.v(16)
Info (10041): Inferred latch for "Pout[4]" at Decoder_3_8.v(16)
Info (10041): Inferred latch for "Pout[5]" at Decoder_3_8.v(16)
Info (10041): Inferred latch for "Pout[6]" at Decoder_3_8.v(16)
Info (10041): Inferred latch for "Pout[7]" at Decoder_3_8.v(16)
Info (12128): Elaborating entity "Selector_8_1" for hierarchy "Selector_8_1:U12"
Warning (10235): Verilog HDL Always Construct warning at Selector_8_1.v(12): variable "num0" is read inside the Always Construct but isn't in the Always Construct's Event Control
Warning (10235): Verilog HDL Always Construct warning at Selector_8_1.v(13): variable "num1" is read inside the Always Construct but isn't in the Always Construct's Event Control
Warning (10235): Verilog HDL Always Construct warning at Selector_8_1.v(14): variable "num2" is read inside the Always Construct but isn't in the Always Construct's Event Control
Warning (10235): Verilog HDL Always Construct warning at Selector_8_1.v(15): variable "num3" is read inside the Always Construct but isn't in the Always Construct's Event Control
Warning (10235): Verilog HDL Always Construct warning at Selector_8_1.v(16): variable "num4" is read inside the Always Construct but isn't in the Always Construct's Event Control
Warning (10235): Verilog HDL Always Construct warning at Selector_8_1.v(17): variable "num5" is read inside the Always Construct but isn't in the Always Construct's Event Control
Warning (10235): Verilog HDL Always Construct warning at Selector_8_1.v(18): variable "num6" is read inside the Always Construct but isn't in the Always Construct's Event Control
Warning (10235): Verilog HDL Always Construct warning at Selector_8_1.v(19): variable "num7" is read inside the Always Construct but isn't in the Always Construct's Event Control
Warning (10235): Verilog HDL Always Construct warning at Selector_8_1.v(20): variable "num1" is read inside the Always Construct but isn't in the Always Construct's Event Control
Info (12128): Elaborating entity "BCD_7_SEG" for hierarchy "BCD_7_SEG:U13"
Warning (13024): Output pins are stuck at VCC or GND
    Warning (13410): Pin "LED_SEG[7]" is stuck at VCC
Info (16010): Generating hard_block partition "hard_block:auto_generated_inst"
    Info (16011): Adding 0 node(s), including 0 DDIO, 0 PLL, 0 transceiver and 0 LCELL
Info (21057): Implemented 197 device resources after synthesis - the final resource count might be different
    Info (21058): Implemented 3 input pins
    Info (21059): Implemented 16 output pins
    Info (21061): Implemented 178 logic cells
Info: Quartus II 64-Bit Analysis & Synthesis was successful. 0 errors, 20 warnings
    Info: Peak virtual memory: 4602 megabytes
    Info: Processing ended: Sat Nov 26 09:40:08 2022
    Info: Elapsed time: 00:00:01
    Info: Total CPU time (on all processors): 00:00:01


