EDA Netlist Writer report for PWM_GEN
Sat Dec 03 10:35:13 2022
Quartus II 64-Bit Version 13.0.0 Build 156 04/24/2013 SJ Full Version


---------------------
; Table of Contents ;
---------------------
  1. Legal Notice
  2. EDA Netlist Writer Summary
  3. EDA Netlist Writer Messages



----------------
; Legal Notice ;
----------------
Copyright (C) 1991-2013 Altera Corporation
Your use of Altera Corporation's design tools, logic functions 
and other software and tools, and its AMPP partner logic 
functions, and any output files from any of the foregoing 
(including device programming or simulation files), and any 
associated documentation or information are expressly subject 
to the terms and conditions of the Altera Program License 
Subscription Agreement, Altera MegaCore Function License 
Agreement, or other applicable license agreement, including, 
without limitation, that your use is for the sole purpose of 
programming logic devices manufactured by Altera and sold by 
Altera or its authorized distributors.  Please refer to the 
applicable agreement for further details.



+---------------------------------------------------------------+
; EDA Netlist Writer Summary                                    ;
+---------------------------+-----------------------------------+
; EDA Netlist Writer Status ; Failed - Sat Dec 03 10:35:13 2022 ;
; Revision Name             ; PWM_GEN                           ;
; Top-level Entity Name     ; PWM_GEN                           ;
; Family                    ; Cyclone II                        ;
+---------------------------+-----------------------------------+


+-----------------------------+
; EDA Netlist Writer Messages ;
+-----------------------------+
Info: *******************************************************************
Info: Running Quartus II 64-Bit EDA Netlist Writer
    Info: Version 13.0.0 Build 156 04/24/2013 SJ Full Version
    Info: Processing started: Sat Dec 03 10:35:12 2022
Info: Command: quartus_eda --gen_testbench --check_outputs=on --tool=modelsim_oem --format=verilog PWM_GEN -c PWM_GEN --vector_source=H:/code/digital-electronic-technology/lab/experiment_8/rtl/Waveform.vwf --testbench_file=./simulation/qsim/PWM_GEN.vt
Error (199014): Vector source file H:/code/digital-electronic-technology/lab/experiment_8/rtl/Waveform.vwf specified with --testbench_vector_input_file option does not exist
Error: Quartus II 64-Bit EDA Netlist Writer was unsuccessful. 1 error, 0 warnings
    Error: Peak virtual memory: 4527 megabytes
    Error: Processing ended: Sat Dec 03 10:35:13 2022
    Error: Elapsed time: 00:00:01
    Error: Total CPU time (on all processors): 00:00:00


